<?xml version="1.0" encoding="UTF-8"?>
<!-- Generated by org.testng.reporters.JUnitReportReporter -->
<testsuite skipped="0" hostname="LOSER-PC" name="test.HotelBookingTest" tests="1" failures="0" timestamp="10 Dec 2019 20:03:54 GMT" time="25.973" errors="0">
  <testcase name="shouldBeAbleToSearchForHotels" time="25.973" classname="test.HotelBookingTest"/>
</testsuite> <!-- test.HotelBookingTest -->
