<?xml version="1.0" encoding="UTF-8"?>
<!-- Generated by org.testng.reporters.JUnitReportReporter -->
<testsuite skipped="0" hostname="LOSER-PC" name="test.SignInTest" tests="1" failures="0" timestamp="10 Dec 2019 19:56:23 GMT" time="67.829" errors="0">
  <testcase name="shouldThrowAnErrorIfSignInDetailsAreMissing" time="67.829" classname="test.SignInTest"/>
</testsuite> <!-- test.SignInTest -->
