<?xml version="1.0" encoding="UTF-8"?>
<!-- Generated by org.testng.reporters.JUnitReportReporter -->
<testsuite skipped="0" hostname="LOSER-PC" name="test.SignInTest" tests="1" failures="0" timestamp="10 Dec 2019 06:00:03 GMT" time="30.238" errors="0">
  <testcase name="shouldThrowAnErrorIfSignInDetailsAreMissing" time="30.238" classname="test.SignInTest"/>
</testsuite> <!-- test.SignInTest -->
