<?xml version="1.0" encoding="UTF-8"?>
<!-- Generated by org.testng.reporters.JUnitReportReporter -->
<testsuite skipped="0" hostname="LOSER-PC" name="test.FlightBookingTest" tests="1" failures="0" timestamp="10 Dec 2019 19:30:24 GMT" time="52.783" errors="0">
  <testcase name="testThatResultsAppearForAOneWayJourney" time="52.783" classname="test.FlightBookingTest"/>
</testsuite> <!-- test.FlightBookingTest -->
